06-24 00:58:40 com_github_MitjaNemec_ReplicateLayout.action_replicate_layout 409:Plugin executed on: 'win32'
06-24 00:58:40 com_github_MitjaNemec_ReplicateLayout.action_replicate_layout 410:Plugin executed with python version: '3.11.5 (main, Jun 15 2025, 06:45:45) [MSC v.1942 64 bit (AMD64)]'
06-24 00:58:40 com_github_MitjaNemec_ReplicateLayout.action_replicate_layout 411:KiCad build version: 9.0.4
06-24 00:58:40 com_github_MitjaNemec_ReplicateLayout.action_replicate_layout 412:Plugin version: 4.0.3
06-24 00:58:40 com_github_MitjaNemec_ReplicateLayout.action_replicate_layout 413:Frame repr: <wx._core.Frame object at 0x000001B2A3A535B0>
06-24 00:58:40 com_github_MitjaNemec_ReplicateLayout.action_replicate_layout 437:Preparing replicator with U4 as a reference
06-24 00:58:40 com_github_MitjaNemec_ReplicateLayout.replicate_layout 117:getting a list of all footprints on board
06-24 00:58:40 com_github_MitjaNemec_ReplicateLayout.action_replicate_layout 485:source anchor footprint is 'U4'
Located on: ['/Digital IO/', '/Digital IO/out_buffer1/']
With filenames: ['Digital_IO.kicad_sch', 'diff_comp_out_buffer.kicad_sch']
With sheet_id:['/Digital IO/', '/Digital IO/out_buffer1/']
06-24 00:58:40 com_github_MitjaNemec_ReplicateLayout.action_replicate_layout 492:Corresponding footprints are 
[('U7', ['/Digital IO/', '/Digital IO/out_buffer3/']), ('U14', ['/Digital IO/', '/Digital IO/out_buffer6/']), ('U16', ['/Digital IO/', '/Digital IO/out_buffer7/']), ('U41', ['/Digital IO/', '/Digital IO/out_buffer14/']), ('U29', ['/Digital IO/', '/Digital IO/out_buffer8/']), ('U43', ['/Digital IO/', '/Digital IO/out_buffer15/']), ('U33', ['/Digital IO/', '/Digital IO/out_buffer10/']), ('U4', ['/Digital IO/', '/Digital IO/out_buffer1/']), ('U12', ['/Digital IO/', '/Digital IO/out_buffer5/']), ('U10', ['/Digital IO/', '/Digital IO/out_buffer4/']), ('U35', ['/Digital IO/', '/Digital IO/out_buffer11/']), ('U39', ['/Digital IO/', '/Digital IO/out_buffer13/']), ('U37', ['/Digital IO/', '/Digital IO/out_buffer12/']), ('U5', ['/Digital IO/', '/Digital IO/out_buffer2/']), ('U31', ['/Digital IO/', '/Digital IO/out_buffer9/']), ('U48', ['/Digital IO/', '/Digital IO/out_buffer0/'])]
06-24 00:58:40 com_github_MitjaNemec_ReplicateLayout.action_replicate_layout 504:Showing dialog
06-24 00:58:40 com_github_MitjaNemec_ReplicateLayout.replicate_layout 472:constructing a list of sheets suitable for replication on level:'/Digital IO/out_buffer1/', file:'diff_comp_out_buffer.kicad_sch'
06-24 00:58:40 com_github_MitjaNemec_ReplicateLayout.replicate_layout 509:suitable sheets are:[['/Digital IO/', '/Digital IO/out_buffer0/'], ['/Digital IO/', '/Digital IO/out_buffer10/'], ['/Digital IO/', '/Digital IO/out_buffer11/'], ['/Digital IO/', '/Digital IO/out_buffer12/'], ['/Digital IO/', '/Digital IO/out_buffer13/'], ['/Digital IO/', '/Digital IO/out_buffer14/'], ['/Digital IO/', '/Digital IO/out_buffer15/'], ['/Digital IO/', '/Digital IO/out_buffer2/'], ['/Digital IO/', '/Digital IO/out_buffer3/'], ['/Digital IO/', '/Digital IO/out_buffer4/'], ['/Digital IO/', '/Digital IO/out_buffer5/'], ['/Digital IO/', '/Digital IO/out_buffer6/'], ['/Digital IO/', '/Digital IO/out_buffer7/'], ['/Digital IO/', '/Digital IO/out_buffer8/'], ['/Digital IO/', '/Digital IO/out_buffer9/']]
06-24 00:58:40 com_github_MitjaNemec_ReplicateLayout.replicate_layout 1512:Level selected: ['/Digital IO/', '/Digital IO/out_buffer1/']
06-24 00:58:40 com_github_MitjaNemec_ReplicateLayout.replicate_layout 1336:Filtering list of tracks
06-24 00:58:40 com_github_MitjaNemec_ReplicateLayout.action_replicate_layout 510:Toolbar position: wx.Point(-34, 77)
06-24 00:58:40 com_github_MitjaNemec_ReplicateLayout.action_replicate_layout 515:Dialog position: wx.Point(-473, 77)
06-24 00:58:54 com_github_MitjaNemec_ReplicateLayout.replicate_layout 472:constructing a list of sheets suitable for replication on level:'/Digital IO/out_buffer1/', file:'diff_comp_out_buffer.kicad_sch'
06-24 00:58:54 com_github_MitjaNemec_ReplicateLayout.replicate_layout 509:suitable sheets are:[['/Digital IO/', '/Digital IO/out_buffer0/'], ['/Digital IO/', '/Digital IO/out_buffer10/'], ['/Digital IO/', '/Digital IO/out_buffer11/'], ['/Digital IO/', '/Digital IO/out_buffer12/'], ['/Digital IO/', '/Digital IO/out_buffer13/'], ['/Digital IO/', '/Digital IO/out_buffer14/'], ['/Digital IO/', '/Digital IO/out_buffer15/'], ['/Digital IO/', '/Digital IO/out_buffer2/'], ['/Digital IO/', '/Digital IO/out_buffer3/'], ['/Digital IO/', '/Digital IO/out_buffer4/'], ['/Digital IO/', '/Digital IO/out_buffer5/'], ['/Digital IO/', '/Digital IO/out_buffer6/'], ['/Digital IO/', '/Digital IO/out_buffer7/'], ['/Digital IO/', '/Digital IO/out_buffer8/'], ['/Digital IO/', '/Digital IO/out_buffer9/']]
06-24 00:58:54 com_github_MitjaNemec_ReplicateLayout.action_replicate_layout 248:Replicating layout
06-24 00:58:54 com_github_MitjaNemec_ReplicateLayout.replicate_layout 288:Starting replication of sheets: [['/Digital IO/', '/Digital IO/out_buffer0/']]
on level: ['/Digital IO/', '/Digital IO/out_buffer1/']
with tracks=True, zone=True, text=True, text=True, intersecting=False, remove=False, locked footprints=False, group_only=False
06-24 00:58:54 root 340:updating GUI message: 'Preparing for replication'
06-24 00:58:54 root 345:updating GUI with: 0
06-24 00:58:54 com_github_MitjaNemec_ReplicateLayout.replicate_layout 358:Getting the list of source footprints
06-24 00:58:54 com_github_MitjaNemec_ReplicateLayout.replicate_layout 368:Getting the list of all the remaining footprints
06-24 00:58:54 com_github_MitjaNemec_ReplicateLayout.replicate_layout 375:Getting source tracks
06-24 00:58:54 com_github_MitjaNemec_ReplicateLayout.replicate_layout 1336:Filtering list of tracks
06-24 00:58:54 com_github_MitjaNemec_ReplicateLayout.replicate_layout 379:Getting source zones
06-24 00:58:54 root 345:updating GUI with: 50
06-24 00:58:54 com_github_MitjaNemec_ReplicateLayout.replicate_layout 383:Getting source text items
06-24 00:58:54 root 345:updating GUI with: 66
06-24 00:58:54 com_github_MitjaNemec_ReplicateLayout.replicate_layout 387:Getting source drawing items
06-24 00:58:54 root 340:updating GUI message: 'Replicating footprints'
06-24 00:58:54 com_github_MitjaNemec_ReplicateLayout.replicate_layout 863:Replicating footprints
06-24 00:58:54 com_github_MitjaNemec_ReplicateLayout.replicate_layout 870:Replicating footprints on sheet ['/Digital IO/', '/Digital IO/out_buffer0/']
06-24 00:58:54 com_github_MitjaNemec_ReplicateLayout.replicate_layout 835:Src fp.id: '035679C5-2BD5-4ECD-8808-42698382C3D9'
06-24 00:58:54 com_github_MitjaNemec_ReplicateLayout.replicate_layout 839:Dst fp.id: '035679C5-2BD5-4ECD-8808-42698382C3D9'
06-24 00:58:54 com_github_MitjaNemec_ReplicateLayout.replicate_layout 888:Replicating footprint: 'R4'
06-24 00:58:54 com_github_MitjaNemec_ReplicateLayout.replicate_layout 835:Src fp.id: '90E84E0D-D167-47AF-9869-3B29D91A81A1'
06-24 00:58:54 com_github_MitjaNemec_ReplicateLayout.replicate_layout 839:Dst fp.id: '90E84E0D-D167-47AF-9869-3B29D91A81A1'
06-24 00:58:54 com_github_MitjaNemec_ReplicateLayout.replicate_layout 895:found match in dst footprint: 'R1'
06-24 00:58:54 com_github_MitjaNemec_ReplicateLayout.replicate_layout 990:Src text UUid:7ceafa0e-73e0-476f-8ee4-e138f7bd1fbd
06-24 00:58:54 com_github_MitjaNemec_ReplicateLayout.replicate_layout 991:Dst text UUid:f34d1a3a-32dd-42b9-a2f8-d6ea13102769
06-24 00:58:54 com_github_MitjaNemec_ReplicateLayout.replicate_layout 990:Src text UUid:9bd3c981-5604-4b36-aa27-d94ce6ad368b
06-24 00:58:54 com_github_MitjaNemec_ReplicateLayout.replicate_layout 991:Dst text UUid:45ce30c4-a2dc-4a80-aef8-1a3fa562cfe9
06-24 00:58:54 com_github_MitjaNemec_ReplicateLayout.replicate_layout 990:Src text UUid:120cd128-860d-4c86-89bf-b03268ac1492
06-24 00:58:54 com_github_MitjaNemec_ReplicateLayout.replicate_layout 991:Dst text UUid:39e5a114-6877-4be6-8796-80704d91f815
06-24 00:58:54 com_github_MitjaNemec_ReplicateLayout.replicate_layout 888:Replicating footprint: 'U3'
06-24 00:58:54 com_github_MitjaNemec_ReplicateLayout.replicate_layout 835:Src fp.id: '5BA5ADD0-3C3F-4B61-A701-E70206620023'
06-24 00:58:54 com_github_MitjaNemec_ReplicateLayout.replicate_layout 839:Dst fp.id: '5BA5ADD0-3C3F-4B61-A701-E70206620023'
06-24 00:58:54 com_github_MitjaNemec_ReplicateLayout.replicate_layout 895:found match in dst footprint: 'U1'
06-24 00:58:54 com_github_MitjaNemec_ReplicateLayout.replicate_layout 990:Src text UUid:5161b226-5a89-458a-9f9b-3891c602e7ae
06-24 00:58:54 com_github_MitjaNemec_ReplicateLayout.replicate_layout 991:Dst text UUid:690dc291-dfaf-4cdb-94d3-45a6f38ace02
06-24 00:58:54 com_github_MitjaNemec_ReplicateLayout.replicate_layout 990:Src text UUid:a1056adb-3d79-4ca0-ad41-10aac7360486
06-24 00:58:54 com_github_MitjaNemec_ReplicateLayout.replicate_layout 991:Dst text UUid:36efdbc0-7a86-4a07-b126-8fd3f81aa3f1
06-24 00:58:54 com_github_MitjaNemec_ReplicateLayout.replicate_layout 990:Src text UUid:0b26e37a-cc41-4975-837e-f339cb692014
06-24 00:58:54 com_github_MitjaNemec_ReplicateLayout.replicate_layout 991:Dst text UUid:346b614f-4b5c-4888-9a4b-8faa403d5d98
06-24 00:58:54 com_github_MitjaNemec_ReplicateLayout.replicate_layout 888:Replicating footprint: 'C3'
06-24 00:58:54 com_github_MitjaNemec_ReplicateLayout.replicate_layout 835:Src fp.id: '37297765-B918-43ED-94A8-F25EAEAE680C'
06-24 00:58:54 com_github_MitjaNemec_ReplicateLayout.replicate_layout 839:Dst fp.id: '37297765-B918-43ED-94A8-F25EAEAE680C'
06-24 00:58:54 com_github_MitjaNemec_ReplicateLayout.replicate_layout 895:found match in dst footprint: 'C1'
06-24 00:58:54 com_github_MitjaNemec_ReplicateLayout.replicate_layout 990:Src text UUid:bde1d8aa-20d9-4548-84e2-42b6c3aa260f
06-24 00:58:54 com_github_MitjaNemec_ReplicateLayout.replicate_layout 991:Dst text UUid:6d7568a6-c63c-4a4a-a07f-9bda0b54331a
06-24 00:58:54 com_github_MitjaNemec_ReplicateLayout.replicate_layout 990:Src text UUid:e906b1e3-2e18-4344-8f56-be73de884010
06-24 00:58:54 com_github_MitjaNemec_ReplicateLayout.replicate_layout 991:Dst text UUid:73a3c42d-83f6-411c-a3dd-4003ee6ab886
06-24 00:58:54 com_github_MitjaNemec_ReplicateLayout.replicate_layout 990:Src text UUid:112a6c86-8108-4464-bc87-f241ac525b84
06-24 00:58:54 com_github_MitjaNemec_ReplicateLayout.replicate_layout 991:Dst text UUid:2c450dea-4cc7-4d66-abab-cc12343a73ad
06-24 00:58:54 com_github_MitjaNemec_ReplicateLayout.replicate_layout 888:Replicating footprint: 'C4'
06-24 00:58:54 com_github_MitjaNemec_ReplicateLayout.replicate_layout 835:Src fp.id: 'CA2574C0-3792-4F57-A29A-F539730E1376'
06-24 00:58:54 com_github_MitjaNemec_ReplicateLayout.replicate_layout 839:Dst fp.id: 'CA2574C0-3792-4F57-A29A-F539730E1376'
06-24 00:58:54 com_github_MitjaNemec_ReplicateLayout.replicate_layout 895:found match in dst footprint: 'C2'
06-24 00:58:54 com_github_MitjaNemec_ReplicateLayout.replicate_layout 990:Src text UUid:7f2ac1a4-2052-4dbc-807f-4662c083a24a
06-24 00:58:54 com_github_MitjaNemec_ReplicateLayout.replicate_layout 991:Dst text UUid:d5152394-958d-4da9-a84a-c226726f2ced
06-24 00:58:54 com_github_MitjaNemec_ReplicateLayout.replicate_layout 990:Src text UUid:16f8139a-d6de-4693-9d09-9066582f1ae6
06-24 00:58:54 com_github_MitjaNemec_ReplicateLayout.replicate_layout 991:Dst text UUid:cfe355c4-d8b9-4285-ae30-0789e6797370
06-24 00:58:54 com_github_MitjaNemec_ReplicateLayout.replicate_layout 990:Src text UUid:c02cca3b-7338-45e6-a6bf-3073695f4b08
06-24 00:58:54 com_github_MitjaNemec_ReplicateLayout.replicate_layout 991:Dst text UUid:585c910a-ee51-4dd5-8f88-524522ea7d41
06-24 00:58:54 com_github_MitjaNemec_ReplicateLayout.replicate_layout 888:Replicating footprint: 'R5'
06-24 00:58:54 com_github_MitjaNemec_ReplicateLayout.replicate_layout 835:Src fp.id: 'D103550B-0A1F-4BDD-A7B9-86EB731056E6'
06-24 00:58:54 com_github_MitjaNemec_ReplicateLayout.replicate_layout 839:Dst fp.id: 'D103550B-0A1F-4BDD-A7B9-86EB731056E6'
06-24 00:58:54 com_github_MitjaNemec_ReplicateLayout.replicate_layout 895:found match in dst footprint: 'R2'
06-24 00:58:54 com_github_MitjaNemec_ReplicateLayout.replicate_layout 990:Src text UUid:2fdf3e3b-3cfb-4610-86a8-1a16288e6389
06-24 00:58:54 com_github_MitjaNemec_ReplicateLayout.replicate_layout 991:Dst text UUid:fa367e39-e889-4f64-b555-526c9d0fd742
06-24 00:58:54 com_github_MitjaNemec_ReplicateLayout.replicate_layout 990:Src text UUid:2f133001-f8aa-4cbe-aab3-5d544f252697
06-24 00:58:54 com_github_MitjaNemec_ReplicateLayout.replicate_layout 991:Dst text UUid:d617a27d-e2f4-4c91-90ec-ec9c89089405
06-24 00:58:54 com_github_MitjaNemec_ReplicateLayout.replicate_layout 990:Src text UUid:0c368267-4a78-43e5-b5a2-698221fd56ce
06-24 00:58:54 com_github_MitjaNemec_ReplicateLayout.replicate_layout 991:Dst text UUid:46d69530-c8a9-4f3f-8fa3-a1d1e006db59
06-24 00:58:54 com_github_MitjaNemec_ReplicateLayout.replicate_layout 888:Replicating footprint: 'U4'
06-24 00:58:54 com_github_MitjaNemec_ReplicateLayout.replicate_layout 835:Src fp.id: '035679C5-2BD5-4ECD-8808-42698382C3D9'
06-24 00:58:54 com_github_MitjaNemec_ReplicateLayout.replicate_layout 839:Dst fp.id: '035679C5-2BD5-4ECD-8808-42698382C3D9'
06-24 00:58:54 com_github_MitjaNemec_ReplicateLayout.replicate_layout 895:found match in dst footprint: 'U48'
06-24 00:58:54 com_github_MitjaNemec_ReplicateLayout.replicate_layout 990:Src text UUid:533c4dd9-89c8-4c90-b44e-e920dc537045
06-24 00:58:54 com_github_MitjaNemec_ReplicateLayout.replicate_layout 991:Dst text UUid:f4289215-80b9-4d81-aad5-3cbe7d6ea727
06-24 00:58:54 com_github_MitjaNemec_ReplicateLayout.replicate_layout 990:Src text UUid:825bce43-9a81-468a-85c3-6a6d5767f10f
06-24 00:58:54 com_github_MitjaNemec_ReplicateLayout.replicate_layout 991:Dst text UUid:7925c645-590d-4650-915d-7ea84970eaa6
06-24 00:58:54 com_github_MitjaNemec_ReplicateLayout.replicate_layout 990:Src text UUid:30280802-9c27-445d-8819-720942a89b1d
06-24 00:58:54 com_github_MitjaNemec_ReplicateLayout.replicate_layout 991:Dst text UUid:5694b7cd-22c7-411e-b790-222f1e45c86b
06-24 00:58:54 com_github_MitjaNemec_ReplicateLayout.replicate_layout 888:Replicating footprint: 'R6'
06-24 00:58:54 com_github_MitjaNemec_ReplicateLayout.replicate_layout 835:Src fp.id: 'BF6CAE4C-91D6-4359-963A-FD5710122065'
06-24 00:58:54 com_github_MitjaNemec_ReplicateLayout.replicate_layout 839:Dst fp.id: 'BF6CAE4C-91D6-4359-963A-FD5710122065'
06-24 00:58:54 com_github_MitjaNemec_ReplicateLayout.replicate_layout 895:found match in dst footprint: 'R3'
06-24 00:58:54 com_github_MitjaNemec_ReplicateLayout.replicate_layout 990:Src text UUid:bd101c83-febe-4ccd-92cc-82bbc2f27d02
06-24 00:58:54 com_github_MitjaNemec_ReplicateLayout.replicate_layout 991:Dst text UUid:35fe4852-21f4-4d1c-a33b-ad48f3eb3d3b
06-24 00:58:54 com_github_MitjaNemec_ReplicateLayout.replicate_layout 990:Src text UUid:1fd1f251-5f09-452a-bb6c-12ebcfddf31b
06-24 00:58:54 com_github_MitjaNemec_ReplicateLayout.replicate_layout 991:Dst text UUid:72353f73-f701-474a-b101-33db61a45b06
06-24 00:58:54 com_github_MitjaNemec_ReplicateLayout.replicate_layout 990:Src text UUid:f8ff3182-d3ba-46b0-abbd-d7e380337842
06-24 00:58:54 com_github_MitjaNemec_ReplicateLayout.replicate_layout 991:Dst text UUid:fe9e0994-01c0-4180-baa1-14b5578f2152
06-24 00:58:54 root 340:updating GUI message: 'Replicating tracks'
06-24 00:58:54 com_github_MitjaNemec_ReplicateLayout.replicate_layout 1014:Replicating tracks
06-24 00:58:54 com_github_MitjaNemec_ReplicateLayout.replicate_layout 1020:Replicating tracks on sheet ['/Digital IO/', '/Digital IO/out_buffer0/']
06-24 00:58:54 com_github_MitjaNemec_ReplicateLayout.replicate_layout 835:Src fp.id: '035679C5-2BD5-4ECD-8808-42698382C3D9'
06-24 00:58:54 com_github_MitjaNemec_ReplicateLayout.replicate_layout 839:Dst fp.id: '035679C5-2BD5-4ECD-8808-42698382C3D9'
06-24 00:58:54 com_github_MitjaNemec_ReplicateLayout.replicate_layout 792:Net pairs for sheet ['/Digital IO/', '/Digital IO/out_buffer0/'] :[('Net-(U4-2Y)', 'Net-(U48-2Y)'), ('/Digital IO/VCC_A', '/Digital IO/VCC_A'), ('Net-(U4-1A)', 'Net-(U48-1A)'), ('/Digital IO/D_Output1.P', '/Digital IO/D_Output0.P'), ('/Digital IO/out_buffer1/Out', '/Digital IO/out_buffer0/Out'), ('Net-(U4-1Y)', 'Net-(U48-1Y)'), ('GND', 'GND'), ('/Digital IO/OE', '/Digital IO/OE'), ('/Digital IO/D_Output1.N', '/Digital IO/D_Output0.N')]
06-24 00:58:54 root 340:updating GUI message: 'Replicating zones'
06-24 00:58:54 com_github_MitjaNemec_ReplicateLayout.replicate_layout 1084:Replicating zones
06-24 00:58:54 com_github_MitjaNemec_ReplicateLayout.replicate_layout 1091:Replicating zones on sheet ['/Digital IO/', '/Digital IO/out_buffer0/']
06-24 00:58:54 com_github_MitjaNemec_ReplicateLayout.replicate_layout 835:Src fp.id: '035679C5-2BD5-4ECD-8808-42698382C3D9'
06-24 00:58:54 com_github_MitjaNemec_ReplicateLayout.replicate_layout 839:Dst fp.id: '035679C5-2BD5-4ECD-8808-42698382C3D9'
06-24 00:58:54 com_github_MitjaNemec_ReplicateLayout.replicate_layout 792:Net pairs for sheet ['/Digital IO/', '/Digital IO/out_buffer0/'] :[('Net-(U4-2Y)', 'Net-(U48-2Y)'), ('/Digital IO/VCC_A', '/Digital IO/VCC_A'), ('Net-(U4-1A)', 'Net-(U48-1A)'), ('/Digital IO/D_Output1.P', '/Digital IO/D_Output0.P'), ('/Digital IO/out_buffer1/Out', '/Digital IO/out_buffer0/Out'), ('Net-(U4-1Y)', 'Net-(U48-1Y)'), ('GND', 'GND'), ('/Digital IO/OE', '/Digital IO/OE'), ('/Digital IO/D_Output1.N', '/Digital IO/D_Output0.N')]
06-24 00:58:54 root 340:updating GUI message: 'Replicating text'
06-24 00:58:54 com_github_MitjaNemec_ReplicateLayout.replicate_layout 1173:Replicating text
06-24 00:58:54 com_github_MitjaNemec_ReplicateLayout.replicate_layout 1180:Replicating text on sheet ['/Digital IO/', '/Digital IO/out_buffer0/']
06-24 00:58:54 com_github_MitjaNemec_ReplicateLayout.replicate_layout 835:Src fp.id: '035679C5-2BD5-4ECD-8808-42698382C3D9'
06-24 00:58:54 com_github_MitjaNemec_ReplicateLayout.replicate_layout 839:Dst fp.id: '035679C5-2BD5-4ECD-8808-42698382C3D9'
06-24 00:58:54 root 340:updating GUI message: 'Replicating drawings'
06-24 00:58:54 com_github_MitjaNemec_ReplicateLayout.replicate_layout 1224:Replicating drawings
06-24 00:58:54 com_github_MitjaNemec_ReplicateLayout.replicate_layout 1230:Replicating drawings on sheet ['/Digital IO/', '/Digital IO/out_buffer0/']
06-24 00:58:54 com_github_MitjaNemec_ReplicateLayout.replicate_layout 835:Src fp.id: '035679C5-2BD5-4ECD-8808-42698382C3D9'
06-24 00:58:54 com_github_MitjaNemec_ReplicateLayout.replicate_layout 839:Dst fp.id: '035679C5-2BD5-4ECD-8808-42698382C3D9'
06-24 00:58:54 com_github_MitjaNemec_ReplicateLayout.action_replicate_layout 264:Replication complete
